<?xml version="1.0" encoding="UTF-8"?>
<!-- Generated by org.testng.reporters.JUnitReportReporter -->
<testsuite hostname="LAPTOP-TDGH2G12" failures="0" tests="1" name="com.peri.qa.testcases.LoginPageTest" time="34.337" errors="0" timestamp="2023-11-19T15:51:53 IST" skipped="0">
  <testcase classname="com.peri.qa.testcases.LoginPageTest" name="LoginApp" time="34.337"/>
</testsuite> <!-- com.peri.qa.testcases.LoginPageTest -->
